<?xml version="1.0" encoding="utf-8"?><testsuites name="pytest tests"><testsuite name="pytest" errors="0" failures="0" skipped="0" tests="18" time="35.242" timestamp="2026-04-27T13:12:37.694222+00:00" hostname="agent-env-160e59d5-6783-40c5-aa40-558c3147889f"><testcase classname="backend.tests.test_english_coach_api.TestHealth" name="test_root" time="0.320" /><testcase classname="backend.tests.test_english_coach_api.TestAuth" name="test_me_no_token" time="0.176" /><testcase classname="backend.tests.test_english_coach_api.TestAuth" name="test_me_with_token" time="0.173" /><testcase classname="backend.tests.test_english_coach_api.TestAuth" name="test_session_missing_id" time="0.122" /><testcase classname="backend.tests.test_english_coach_api.TestAuth" name="test_session_invalid_id" time="0.226" /><testcase classname="backend.tests.test_english_coach_api.TestConversation" name="test_conversation" time="1.636" /><testcase classname="backend.tests.test_english_coach_api.TestConversation" name="test_conversation_history" time="0.115" /><testcase classname="backend.tests.test_english_coach_api.TestGrammar" name="test_grammar_check" time="5.339" /><testcase classname="backend.tests.test_english_coach_api.TestWriting" name="test_writing_feedback" time="3.370" /><testcase classname="backend.tests.test_english_coach_api.TestVocabulary" name="test_daily" time="6.356" /><testcase classname="backend.tests.test_english_coach_api.TestVocabulary" name="test_quiz" time="4.240" /><testcase classname="backend.tests.test_english_coach_api.TestPronunciation" name="test_sentence" time="0.153" /><testcase classname="backend.tests.test_english_coach_api.TestTTS" name="test_tts" time="1.665" /><testcase classname="backend.tests.test_english_coach_api.TestLessons" name="test_list" time="0.143" /><testcase classname="backend.tests.test_english_coach_api.TestLessons" name="test_get_lesson" time="10.125" /><testcase classname="backend.tests.test_english_coach_api.TestLessons" name="test_complete_lesson_and_progress" time="0.434" /><testcase classname="backend.tests.test_english_coach_api.TestProfile" name="test_set_level" time="0.428" /><testcase classname="backend.tests.test_english_coach_api.TestZZZLogout" name="test_logout_last" time="0.139" /></testsuite></testsuites>