<?xml version="1.0" encoding="utf-8"?><testsuites name="pytest tests"><testsuite name="pytest" errors="0" failures="0" skipped="0" tests="14" time="3.136" timestamp="2026-04-27T18:09:15.684564+00:00" hostname="agent-env-160e59d5-6783-40c5-aa40-558c3147889f"><testcase classname="backend.tests.test_referral.TestReferralMe" name="test_me_requires_auth" time="0.142" /><testcase classname="backend.tests.test_referral.TestReferralMe" name="test_me_shape_and_code_format_user1" time="0.131" /><testcase classname="backend.tests.test_referral.TestReferralMe" name="test_me_deterministic" time="0.235" /><testcase classname="backend.tests.test_referral.TestReferralMe" name="test_me_user2_code_format" time="0.244" /><testcase classname="backend.tests.test_referral.TestReferralApplyValidation" name="test_apply_empty_code" time="0.126" /><testcase classname="backend.tests.test_referral.TestReferralApplyValidation" name="test_apply_missing_code_field" time="0.125" /><testcase classname="backend.tests.test_referral.TestReferralApplyValidation" name="test_apply_own_code" time="0.268" /><testcase classname="backend.tests.test_referral.TestReferralApplyValidation" name="test_apply_invalid_code" time="0.115" /><testcase classname="backend.tests.test_referral.TestReferralApplyHappyPath" name="test_apply_happy_path_and_xp_awards" time="0.716" /><testcase classname="backend.tests.test_referral.TestReferralApplyHappyPath" name="test_apply_again_idempotent" time="0.381" /><testcase classname="backend.tests.test_referral.TestReferralApplyHappyPath" name="test_user2_me_reflects_redemption" time="0.154" /><testcase classname="backend.tests.test_referral.TestRegression" name="test_onboarding_quest_still_works" time="0.114" /><testcase classname="backend.tests.test_referral.TestRegression" name="test_challenge_today_still_works" time="0.115" /><testcase classname="backend.tests.test_referral.TestRegression" name="test_lessons_still_works" time="0.119" /></testsuite></testsuites>