<?xml version="1.0" encoding="utf-8"?><testsuites name="pytest tests"><testsuite name="pytest" errors="0" failures="0" skipped="0" tests="8" time="4.691" timestamp="2026-04-27T17:57:35.654310+00:00" hostname="agent-env-160e59d5-6783-40c5-aa40-558c3147889f"><testcase classname="backend.tests.test_onboarding_quest.TestQuestShape" name="test_auth_required" time="0.320" /><testcase classname="backend.tests.test_onboarding_quest.TestQuestShape" name="test_initial_quest_shape" time="0.160" /><testcase classname="backend.tests.test_onboarding_quest.TestQuestShape" name="test_day_groupings" time="0.119" /><testcase classname="backend.tests.test_onboarding_quest.TestClaimBeforeCompletion" name="test_claim_returns_400_when_incomplete" time="0.155" /><testcase classname="backend.tests.test_onboarding_quest.TestOrganicMetricFlip" name="test_grammar_check_flips_day3_grammar_done" time="2.486" /><testcase classname="backend.tests.test_onboarding_quest.TestCompleteAndClaim" name="test_complete_all_then_claim" time="0.994" /><testcase classname="backend.tests.test_onboarding_quest.TestRegression" name="test_challenge_today_still_works" time="0.178" /><testcase classname="backend.tests.test_onboarding_quest.TestRegression" name="test_lessons_still_works" time="0.130" /></testsuite></testsuites>