<?xml version="1.0" encoding="utf-8"?><testsuites name="pytest tests"><testsuite name="pytest" errors="0" failures="0" skipped="0" tests="22" time="15.608" timestamp="2026-04-29T04:32:39.569514+00:00" hostname="agent-env-160e59d5-6783-40c5-aa40-558c3147889f"><testcase classname="backend.tests.test_daily_mission.TestMissionToday" name="test_initial_shape" time="0.147" /><testcase classname="backend.tests.test_daily_mission.TestMissionProgress" name="test_unknown_task_400" time="0.116" /><testcase classname="backend.tests.test_daily_mission.TestMissionProgress" name="test_chat_awards_xp_only_on_target_crossing" time="0.346" /><testcase classname="backend.tests.test_daily_mission.TestMissionProgress" name="test_vocab_target_2" time="0.266" /><testcase classname="backend.tests.test_daily_mission.TestMissionProgress" name="test_speak_target_1" time="0.107" /><testcase classname="backend.tests.test_daily_mission.TestMissionProgress" name="test_write_target_1" time="0.111" /><testcase classname="backend.tests.test_daily_mission.TestMissionComplete" name="test_premature_complete_400" time="0.357" /><testcase classname="backend.tests.test_daily_mission.TestMissionComplete" name="test_full_happy_path" time="0.968" /><testcase classname="backend.tests.test_daily_mission.TestMissionComplete" name="test_first_completion_flips_has_completed_day1" time="0.772" /><testcase classname="backend.tests.test_daily_mission.TestMissionIndex" name="test_unique_compound_user_date" time="0.124" /><testcase classname="backend.tests.test_daily_mission.TestRegression" name="test_get_endpoints_200[/api/auth/me]" time="0.106" /><testcase classname="backend.tests.test_daily_mission.TestRegression" name="test_get_endpoints_200[/api/progress]" time="0.116" /><testcase classname="backend.tests.test_daily_mission.TestRegression" name="test_get_endpoints_200[/api/lessons]" time="0.111" /><testcase classname="backend.tests.test_daily_mission.TestRegression" name="test_get_endpoints_200[/api/checkin/today]" time="0.108" /><testcase classname="backend.tests.test_daily_mission.TestRegression" name="test_get_endpoints_200[/api/challenge/today]" time="0.113" /><testcase classname="backend.tests.test_daily_mission.TestRegression" name="test_get_endpoints_200[/api/daily-path]" time="0.122" /><testcase classname="backend.tests.test_daily_mission.TestRegression" name="test_get_endpoints_200[/api/streak/saver]" time="0.128" /><testcase classname="backend.tests.test_daily_mission.TestRegression" name="test_get_endpoints_200[/api/streak/milestone]" time="0.113" /><testcase classname="backend.tests.test_daily_mission.TestRegression" name="test_vocabulary_quiz_post" time="6.978" /><testcase classname="backend.tests.test_daily_mission.TestRegression" name="test_pronunciation_sentence_post" time="0.140" /><testcase classname="backend.tests.test_daily_mission.TestRegression" name="test_grammar_check" time="2.180" /><testcase classname="backend.tests.test_daily_mission.TestRegression" name="test_conversation" time="1.947" /></testsuite></testsuites>