<?xml version="1.0" encoding="utf-8"?><testsuites name="pytest tests"><testsuite name="pytest" errors="0" failures="4" skipped="2" tests="137" time="121.030" timestamp="2026-04-28T06:21:03.079947+00:00" hostname="agent-env-160e59d5-6783-40c5-aa40-558c3147889f"><testcase classname="backend.tests.test_challenges_levels_conversation.TestChallengeToday" name="test_requires_auth" time="0.139" /><testcase classname="backend.tests.test_challenges_levels_conversation.TestChallengeToday" name="test_shape_and_initial_state" time="0.106" /><testcase classname="backend.tests.test_challenges_levels_conversation.TestChallengeToday" name="test_deterministic_per_user_day" time="0.214" /><testcase classname="backend.tests.test_challenges_levels_conversation.TestChallengeClaimBeforeComplete" name="test_claim_before_complete_400" time="0.106" /><testcase classname="backend.tests.test_challenges_levels_conversation.TestWritingSubmittedMetricBug" name="test_writing_feedback_does_not_increment_writing_submitted" time="0.121"><skipped type="pytest.skip" message="Today's challenge is not writing_submitted; bug repro not applicable">/app/backend/tests/test_challenges_levels_conversation.py:95: Today's challenge is not writing_submitted; bug repro not applicable</skipped></testcase><testcase classname="backend.tests.test_challenges_levels_conversation.TestChallengeCompleteAndClaim" name="test_full_claim_flow" time="6.181" /><testcase classname="backend.tests.test_challenges_levels_conversation.TestLevelInfo" name="test_progress_includes_level_info" time="0.104" /><testcase classname="backend.tests.test_challenges_levels_conversation.TestLevelInfo" name="test_level_sane_for_current_xp" time="0.210" /><testcase classname="backend.tests.test_challenges_levels_conversation.TestStructuredConversation" name="test_clean_text_returns_reply_shape" time="0.858" /><testcase classname="backend.tests.test_challenges_levels_conversation.TestStructuredConversation" name="test_grammar_wrong_text_produces_corrections" time="1.133" /><testcase classname="backend.tests.test_challenges_levels_conversation.TestRegression" name="test_checkin_today" time="0.140" /><testcase classname="backend.tests.test_challenges_levels_conversation.TestRegression" name="test_billing_status" time="0.110" /><testcase classname="backend.tests.test_challenges_levels_conversation.TestRegression" name="test_lessons_list" time="0.150" /><testcase classname="backend.tests.test_challenges_levels_conversation.TestRegression" name="test_share_streak" time="0.119" /><testcase classname="backend.tests.test_daily_checkin.TestCheckinTodayInitial" name="test_auth_required" time="0.887" /><testcase classname="backend.tests.test_daily_checkin.TestCheckinTodayInitial" name="test_initial_response_shape" time="0.111" /><testcase classname="backend.tests.test_daily_checkin.TestCheckinTodayInitial" name="test_deterministic_same_user_same_day" time="0.224" /><testcase classname="backend.tests.test_daily_checkin.TestCheckinRespondValidation" name="test_short_response_400" time="0.106" /><testcase classname="backend.tests.test_daily_checkin.TestCheckinRespondValidation" name="test_empty_response_400" time="0.112" /><testcase classname="backend.tests.test_daily_checkin.TestCheckinRespondFlow" name="test_respond_success_and_xp_increase" time="2.167" /><testcase classname="backend.tests.test_daily_checkin.TestCheckinRespondFlow" name="test_today_after_respond_shows_completed" time="0.103" /><testcase classname="backend.tests.test_daily_checkin.TestCheckinRespondFlow" name="test_second_respond_returns_already_completed" time="0.128" /><testcase classname="backend.tests.test_daily_checkin.TestCheckinGoalPool" name="test_job_interview_pool" time="0.614" /><testcase classname="backend.tests.test_daily_checkin.TestCheckinGoalPool" name="test_ielts_pool" time="0.592" /><testcase classname="backend.tests.test_daily_checkin.TestRegression" name="test_billing_status" time="0.122" /><testcase classname="backend.tests.test_daily_checkin.TestRegression" name="test_share_streak" time="0.104" /><testcase classname="backend.tests.test_daily_checkin.TestRegression" name="test_lessons_b1" time="0.477" /><testcase classname="backend.tests.test_daily_path_and_onboarding.TestOnboardingDay1" name="test_first_call_on_fresh_user_awards_10xp" time="1.058" /><testcase classname="backend.tests.test_daily_path_and_onboarding.TestOnboardingDay1" name="test_second_call_is_idempotent" time="0.160" /><testcase classname="backend.tests.test_daily_path_and_onboarding.TestOnboardingDay1" name="test_user1_already_completed" time="30.052"><failure message="requests.exceptions.ConnectTimeout: HTTPSConnectionPool(host='vocab-builder-263.preview.emergentagent.com', port=443): Max retries exceeded with url: /api/onboarding/day1/complete (Caused by ConnectTimeoutError(&lt;HTTPSConnection(host='vocab-builder-263.preview.emergentagent.com', port=443) at 0xfd17a4344a50&gt;, 'Connection to vocab-builder-263.preview.emergentagent.com timed out. (connect timeout=15)'))">E   TimeoutError: timed out

The above exception was the direct cause of the following exception:
E   urllib3.exceptions.ConnectTimeoutError: (&lt;HTTPSConnection(host='vocab-builder-263.preview.emergentagent.com', port=443) at 0xfd17a4344a50&gt;, 'Connection to vocab-builder-263.preview.emergentagent.com timed out. (connect timeout=15)')

The above exception was the direct cause of the following exception:
E   urllib3.exceptions.MaxRetryError: HTTPSConnectionPool(host='vocab-builder-263.preview.emergentagent.com', port=443): Max retries exceeded with url: /api/onboarding/day1/complete (Caused by ConnectTimeoutError(&lt;HTTPSConnection(host='vocab-builder-263.preview.emergentagent.com', port=443) at 0xfd17a4344a50&gt;, 'Connection to vocab-builder-263.preview.emergentagent.com timed out. (connect timeout=15)'))

During handling of the above exception, another exception occurred:
E   requests.exceptions.ConnectTimeout: HTTPSConnectionPool(host='vocab-builder-263.preview.emergentagent.com', port=443): Max retries exceeded with url: /api/onboarding/day1/complete (Caused by ConnectTimeoutError(&lt;HTTPSConnection(host='vocab-builder-263.preview.emergentagent.com', port=443) at 0xfd17a4344a50&gt;, 'Connection to vocab-builder-263.preview.emergentagent.com timed out. (connect timeout=15)'))</failure></testcase><testcase classname="backend.tests.test_daily_path_and_onboarding.TestDailyPathShape" name="test_job_interview_template" time="0.295"><failure message="AssertionError: assert ['chat', 'vocab', 'checkin'] == ['chat', 'writing', 'grammar']&#10;  &#10;  At index 1 diff: 'vocab' != 'writing'&#10;  &#10;  Full diff:&#10;    [&#10;        'chat',&#10;  -     'writing',...&#10;  &#10;  ...Full output truncated (4 lines hidden), use '-vv' to show">E   AssertionError: assert ['chat', 'vocab', 'checkin'] == ['chat', 'writing', 'grammar']
      
      At index 1 diff: 'vocab' != 'writing'
      
      Full diff:
        [
            'chat',
      -     'writing',...
      
      ...Full output truncated (4 lines hidden), use '-vv' to show</failure></testcase><testcase classname="backend.tests.test_daily_path_and_onboarding.TestDailyPathShape" name="test_casual_fallback_for_null_goal" time="0.060" /><testcase classname="backend.tests.test_daily_path_and_onboarding.TestDailyPathShape" name="test_initial_state_zero_progress" time="0.046" /><testcase classname="backend.tests.test_daily_path_and_onboarding.TestDailyPathBaseline" name="test_grammar_activity_bumps_progress" time="0.047"><failure message="StopIteration">E   StopIteration</failure></testcase><testcase classname="backend.tests.test_daily_path_and_onboarding.TestDailyPathBaseline" name="test_baseline_is_stable_across_reads" time="0.860" /><testcase classname="backend.tests.test_daily_path_and_onboarding.TestDailyPathClaim" name="test_claim_400_when_incomplete" time="0.049" /><testcase classname="backend.tests.test_daily_path_and_onboarding.TestDailyPathClaim" name="test_complete_all_and_claim" time="4.596"><failure message="AssertionError: {'claimed': False, 'completed': False, 'date': '2026-04-28', 'goal_key': 'casual', ...}&#10;assert 1 == 3">E   AssertionError: {'claimed': False, 'completed': False, 'date': '2026-04-28', 'goal_key': 'casual', ...}
    assert 1 == 3</failure></testcase><testcase classname="backend.tests.test_daily_path_and_onboarding.TestRegression" name="test_get_endpoints[/auth/me]" time="0.045" /><testcase classname="backend.tests.test_daily_path_and_onboarding.TestRegression" name="test_get_endpoints[/progress]" time="0.047" /><testcase classname="backend.tests.test_daily_path_and_onboarding.TestRegression" name="test_get_endpoints[/lessons]" time="0.047" /><testcase classname="backend.tests.test_daily_path_and_onboarding.TestRegression" name="test_get_endpoints[/checkin/today]" time="0.048" /><testcase classname="backend.tests.test_daily_path_and_onboarding.TestRegression" name="test_get_endpoints[/challenge/today]" time="0.046" /><testcase classname="backend.tests.test_daily_path_and_onboarding.TestRegression" name="test_get_endpoints[/onboarding/quest]" time="0.060" /><testcase classname="backend.tests.test_daily_path_and_onboarding.TestRegression" name="test_get_endpoints[/referral/me]" time="0.053" /><testcase classname="backend.tests.test_daily_path_and_onboarding.TestRegression" name="test_post_vocabulary_daily" time="3.412" /><testcase classname="backend.tests.test_daily_path_and_onboarding.TestRegression" name="test_post_pronunciation_sentence" time="0.050" /><testcase classname="backend.tests.test_english_coach_api.TestHealth" name="test_root" time="0.126" /><testcase classname="backend.tests.test_english_coach_api.TestAuth" name="test_me_no_token" time="0.103" /><testcase classname="backend.tests.test_english_coach_api.TestAuth" name="test_me_with_token" time="0.110" /><testcase classname="backend.tests.test_english_coach_api.TestAuth" name="test_session_missing_id" time="0.120" /><testcase classname="backend.tests.test_english_coach_api.TestAuth" name="test_session_invalid_id" time="11.481" /><testcase classname="backend.tests.test_english_coach_api.TestConversation" name="test_conversation" time="1.392" /><testcase classname="backend.tests.test_english_coach_api.TestConversation" name="test_conversation_history" time="0.113" /><testcase classname="backend.tests.test_english_coach_api.TestGrammar" name="test_grammar_check" time="3.612" /><testcase classname="backend.tests.test_english_coach_api.TestWriting" name="test_writing_feedback" time="1.914" /><testcase classname="backend.tests.test_english_coach_api.TestVocabulary" name="test_daily" time="3.619" /><testcase classname="backend.tests.test_english_coach_api.TestVocabulary" name="test_quiz" time="3.305" /><testcase classname="backend.tests.test_english_coach_api.TestPronunciation" name="test_sentence" time="0.130" /><testcase classname="backend.tests.test_english_coach_api.TestTTS" name="test_tts" time="1.190" /><testcase classname="backend.tests.test_english_coach_api.TestLessons" name="test_list" time="0.116" /><testcase classname="backend.tests.test_english_coach_api.TestLessons" name="test_get_lesson" time="0.114" /><testcase classname="backend.tests.test_english_coach_api.TestLessons" name="test_complete_lesson_and_progress" time="0.365" /><testcase classname="backend.tests.test_english_coach_api.TestProfile" name="test_set_level" time="0.338" /><testcase classname="backend.tests.test_english_coach_api.TestZZZLogout" name="test_logout_last" time="0.101" /><testcase classname="backend.tests.test_goal_onboarding" name="test_list_goals" time="0.497" /><testcase classname="backend.tests.test_goal_onboarding" name="test_set_goal_invalid" time="0.103" /><testcase classname="backend.tests.test_goal_onboarding" name="test_set_goal_job_interview" time="0.105" /><testcase classname="backend.tests.test_goal_onboarding" name="test_auth_me_reflects_goal" time="0.225" /><testcase classname="backend.tests.test_goal_onboarding" name="test_lessons_recommended_job_interview" time="0.221" /><testcase classname="backend.tests.test_goal_onboarding" name="test_lessons_recommended_travel" time="0.220" /><testcase classname="backend.tests.test_goal_onboarding" name="test_conversation_ielts_general" time="3.792" /><testcase classname="backend.tests.test_goal_onboarding" name="test_conversation_casual_restaurant" time="1.566" /><testcase classname="backend.tests.test_goal_onboarding.TestRegression" name="test_billing_status" time="0.118" /><testcase classname="backend.tests.test_goal_onboarding.TestRegression" name="test_share_streak" time="0.105" /><testcase classname="backend.tests.test_goal_onboarding.TestRegression" name="test_lesson_b1" time="0.105" /><testcase classname="backend.tests.test_goal_onboarding" name="test_lessons_no_goal_no_recommendations" time="0.877" /><testcase classname="backend.tests.test_onboarding_quest.TestQuestShape" name="test_auth_required" time="0.112" /><testcase classname="backend.tests.test_onboarding_quest.TestQuestShape" name="test_initial_quest_shape" time="0.106" /><testcase classname="backend.tests.test_onboarding_quest.TestQuestShape" name="test_day_groupings" time="0.109" /><testcase classname="backend.tests.test_onboarding_quest.TestClaimBeforeCompletion" name="test_claim_returns_400_when_incomplete" time="0.104" /><testcase classname="backend.tests.test_onboarding_quest.TestOrganicMetricFlip" name="test_grammar_check_flips_day3_grammar_done" time="2.768" /><testcase classname="backend.tests.test_onboarding_quest.TestCompleteAndClaim" name="test_complete_all_then_claim" time="0.748" /><testcase classname="backend.tests.test_onboarding_quest.TestRegression" name="test_challenge_today_still_works" time="0.107" /><testcase classname="backend.tests.test_onboarding_quest.TestRegression" name="test_lessons_still_works" time="0.104" /><testcase classname="backend.tests.test_premium_and_share" name="test_billing_status_non_premium" time="0.490" /><testcase classname="backend.tests.test_premium_and_share" name="test_grammar_free_limit_enforced" time="6.766" /><testcase classname="backend.tests.test_premium_and_share" name="test_lessons_list_locked_flag" time="0.108" /><testcase classname="backend.tests.test_premium_and_share" name="test_intermediate_lesson_blocked_non_premium" time="0.101" /><testcase classname="backend.tests.test_premium_and_share" name="test_upgrade_grants_premium" time="0.111" /><testcase classname="backend.tests.test_premium_and_share" name="test_intermediate_lesson_accessible_after_upgrade" time="0.106" /><testcase classname="backend.tests.test_premium_and_share" name="test_billing_status_premium" time="0.112" /><testcase classname="backend.tests.test_premium_and_share" name="test_premium_bypasses_grammar_limit" time="2.023" /><testcase classname="backend.tests.test_premium_and_share" name="test_share_streak" time="0.129" /><testcase classname="backend.tests.test_premium_and_share" name="test_cancel_premium_blocks_intermediate_again" time="0.233" /><testcase classname="backend.tests.test_premium_and_share.TestRegression" name="test_auth_me" time="0.105" /><testcase classname="backend.tests.test_premium_and_share.TestRegression" name="test_beginner_lesson_still_free" time="0.112" /><testcase classname="backend.tests.test_premium_and_share.TestRegression" name="test_vocabulary_daily" time="0.107" /><testcase classname="backend.tests.test_premium_and_share.TestRegression" name="test_progress" time="0.107" /><testcase classname="backend.tests.test_premium_and_share.TestRegression" name="test_conversation" time="2.160" /><testcase classname="backend.tests.test_referral.TestReferralMe" name="test_me_requires_auth" time="0.155" /><testcase classname="backend.tests.test_referral.TestReferralMe" name="test_me_shape_and_code_format_user1" time="0.103" /><testcase classname="backend.tests.test_referral.TestReferralMe" name="test_me_deterministic" time="0.209" /><testcase classname="backend.tests.test_referral.TestReferralMe" name="test_me_user2_code_format" time="0.216" /><testcase classname="backend.tests.test_referral.TestReferralApplyValidation" name="test_apply_empty_code" time="0.111" /><testcase classname="backend.tests.test_referral.TestReferralApplyValidation" name="test_apply_missing_code_field" time="0.105" /><testcase classname="backend.tests.test_referral.TestReferralApplyValidation" name="test_apply_own_code" time="0.227" /><testcase classname="backend.tests.test_referral.TestReferralApplyValidation" name="test_apply_invalid_code" time="0.126" /><testcase classname="backend.tests.test_referral.TestReferralApplyHappyPath" name="test_apply_happy_path_and_xp_awards" time="0.659" /><testcase classname="backend.tests.test_referral.TestReferralApplyHappyPath" name="test_apply_again_idempotent" time="0.348" /><testcase classname="backend.tests.test_referral.TestReferralApplyHappyPath" name="test_user2_me_reflects_redemption" time="0.104" /><testcase classname="backend.tests.test_referral.TestRegression" name="test_onboarding_quest_still_works" time="0.110" /><testcase classname="backend.tests.test_referral.TestRegression" name="test_challenge_today_still_works" time="0.119" /><testcase classname="backend.tests.test_referral.TestRegression" name="test_lessons_still_works" time="0.122" /><testcase classname="backend.tests.test_retention.TestIndexes" name="test_conversations_compound_index_exists" time="0.005" /><testcase classname="backend.tests.test_retention.TestIndexes" name="test_streak_saves_unique_compound_index" time="0.002" /><testcase classname="backend.tests.test_retention.TestIndexes" name="test_streak_milestones_unique_compound_index" time="0.002" /><testcase classname="backend.tests.test_retention.TestStreakSaver" name="test_saver_state_eligible_when_streak_and_no_tasks" time="0.106" /><testcase classname="backend.tests.test_retention.TestStreakSaver" name="test_saver_state_not_eligible_when_streak_below_2" time="0.112" /><testcase classname="backend.tests.test_retention.TestStreakSaver" name="test_saver_claim_first_then_idempotent" time="0.218" /><testcase classname="backend.tests.test_retention.TestStreakSaver" name="test_saver_state_after_claim_shows_claimed_today" time="0.237" /><testcase classname="backend.tests.test_retention.TestStreakSaver" name="test_saver_not_eligible_when_tasks_started" time="4.838"><skipped type="pytest.skip" message="grammar didn't register progress against job_interview template">/app/backend/tests/test_retention.py:144: grammar didn't register progress against job_interview template</skipped></testcase><testcase classname="backend.tests.test_retention.TestStreakSaver" name="test_lessons" time="0.105" /><testcase classname="backend.tests.test_retention.TestStreakMilestone" name="test_milestone_pending_null_when_streak_below_first_tier" time="0.110" /><testcase classname="backend.tests.test_retention.TestStreakMilestone" name="test_milestone_pending_for_reached_tier_7" time="0.124" /><testcase classname="backend.tests.test_retention.TestStreakMilestone" name="test_milestone_claim_awards_xp_and_idempotent" time="0.551" /><testcase classname="backend.tests.test_retention.TestStreakMilestone" name="test_milestone_get_skips_claimed_tier" time="0.119" /><testcase classname="backend.tests.test_retention.TestStreakMilestone" name="test_milestone_claim_rejects_unreached_tier" time="0.120" /><testcase classname="backend.tests.test_retention.TestStreakMilestone" name="test_milestone_claim_rejects_unknown_tier" time="0.118" /><testcase classname="backend.tests.test_retention.TestStreakMilestone" name="test_milestone_rewards_match_spec" time="0.679" /><testcase classname="backend.tests.test_retention.TestRegression" name="test_auth_me" time="0.108" /><testcase classname="backend.tests.test_retention.TestRegression" name="test_progress" time="0.103" /><testcase classname="backend.tests.test_retention.TestRegression" name="test_checkin_today" time="0.110" /><testcase classname="backend.tests.test_retention.TestRegression" name="test_challenge_today" time="0.109" /><testcase classname="backend.tests.test_retention.TestRegression" name="test_onboarding_quest" time="0.110" /><testcase classname="backend.tests.test_retention.TestRegression" name="test_referral_me" time="0.134" /><testcase classname="backend.tests.test_retention.TestRegression" name="test_daily_path" time="0.108" /><testcase classname="backend.tests.test_retention.TestRegression" name="test_manifest_served" time="0.123" /></testsuite></testsuites>