<?xml version="1.0" encoding="utf-8"?><testsuites name="pytest tests"><testsuite name="pytest" errors="0" failures="0" skipped="0" tests="19" time="21.556" timestamp="2026-04-27T19:10:54.147658+00:00" hostname="agent-env-160e59d5-6783-40c5-aa40-558c3147889f"><testcase classname="backend.tests.test_daily_path_and_onboarding.TestOnboardingDay1" name="test_first_call_on_fresh_user_awards_10xp" time="1.150" /><testcase classname="backend.tests.test_daily_path_and_onboarding.TestOnboardingDay1" name="test_second_call_is_idempotent" time="0.147" /><testcase classname="backend.tests.test_daily_path_and_onboarding.TestOnboardingDay1" name="test_user1_already_completed" time="0.155" /><testcase classname="backend.tests.test_daily_path_and_onboarding.TestDailyPathShape" name="test_job_interview_template" time="0.050" /><testcase classname="backend.tests.test_daily_path_and_onboarding.TestDailyPathShape" name="test_casual_fallback_for_null_goal" time="0.076" /><testcase classname="backend.tests.test_daily_path_and_onboarding.TestDailyPathShape" name="test_initial_state_zero_progress" time="0.053" /><testcase classname="backend.tests.test_daily_path_and_onboarding.TestDailyPathBaseline" name="test_grammar_activity_bumps_progress" time="2.498" /><testcase classname="backend.tests.test_daily_path_and_onboarding.TestDailyPathBaseline" name="test_baseline_is_stable_across_reads" time="0.919" /><testcase classname="backend.tests.test_daily_path_and_onboarding.TestDailyPathClaim" name="test_claim_400_when_incomplete" time="0.050" /><testcase classname="backend.tests.test_daily_path_and_onboarding.TestDailyPathClaim" name="test_complete_all_and_claim" time="10.096" /><testcase classname="backend.tests.test_daily_path_and_onboarding.TestRegression" name="test_get_endpoints[/auth/me]" time="0.052" /><testcase classname="backend.tests.test_daily_path_and_onboarding.TestRegression" name="test_get_endpoints[/progress]" time="0.050" /><testcase classname="backend.tests.test_daily_path_and_onboarding.TestRegression" name="test_get_endpoints[/lessons]" time="0.060" /><testcase classname="backend.tests.test_daily_path_and_onboarding.TestRegression" name="test_get_endpoints[/checkin/today]" time="0.046" /><testcase classname="backend.tests.test_daily_path_and_onboarding.TestRegression" name="test_get_endpoints[/challenge/today]" time="0.049" /><testcase classname="backend.tests.test_daily_path_and_onboarding.TestRegression" name="test_get_endpoints[/onboarding/quest]" time="0.051" /><testcase classname="backend.tests.test_daily_path_and_onboarding.TestRegression" name="test_get_endpoints[/referral/me]" time="0.051" /><testcase classname="backend.tests.test_daily_path_and_onboarding.TestRegression" name="test_post_vocabulary_daily" time="5.853" /><testcase classname="backend.tests.test_daily_path_and_onboarding.TestRegression" name="test_post_pronunciation_sentence" time="0.062" /></testsuite></testsuites>