<?xml version="1.0" encoding="utf-8"?><testsuites name="pytest tests"><testsuite name="pytest" errors="0" failures="0" skipped="0" tests="15" time="19.072" timestamp="2026-04-27T16:21:02.493821+00:00" hostname="agent-env-160e59d5-6783-40c5-aa40-558c3147889f"><testcase classname="backend.tests.test_premium_and_share" name="test_billing_status_non_premium" time="0.693" /><testcase classname="backend.tests.test_premium_and_share" name="test_grammar_free_limit_enforced" time="12.022" /><testcase classname="backend.tests.test_premium_and_share" name="test_lessons_list_locked_flag" time="0.147" /><testcase classname="backend.tests.test_premium_and_share" name="test_intermediate_lesson_blocked_non_premium" time="0.139" /><testcase classname="backend.tests.test_premium_and_share" name="test_upgrade_grants_premium" time="0.109" /><testcase classname="backend.tests.test_premium_and_share" name="test_intermediate_lesson_accessible_after_upgrade" time="0.136" /><testcase classname="backend.tests.test_premium_and_share" name="test_billing_status_premium" time="0.117" /><testcase classname="backend.tests.test_premium_and_share" name="test_premium_bypasses_grammar_limit" time="2.619" /><testcase classname="backend.tests.test_premium_and_share" name="test_share_streak" time="0.145" /><testcase classname="backend.tests.test_premium_and_share" name="test_cancel_premium_blocks_intermediate_again" time="0.243" /><testcase classname="backend.tests.test_premium_and_share.TestRegression" name="test_auth_me" time="0.128" /><testcase classname="backend.tests.test_premium_and_share.TestRegression" name="test_beginner_lesson_still_free" time="0.185" /><testcase classname="backend.tests.test_premium_and_share.TestRegression" name="test_vocabulary_daily" time="0.120" /><testcase classname="backend.tests.test_premium_and_share.TestRegression" name="test_progress" time="0.141" /><testcase classname="backend.tests.test_premium_and_share.TestRegression" name="test_conversation" time="2.044" /></testsuite></testsuites>