<?xml version="1.0" encoding="utf-8"?><testsuites name="pytest tests"><testsuite name="pytest" errors="0" failures="0" skipped="0" tests="13" time="7.018" timestamp="2026-04-27T17:04:09.799878+00:00" hostname="agent-env-160e59d5-6783-40c5-aa40-558c3147889f"><testcase classname="backend.tests.test_daily_checkin.TestCheckinTodayInitial" name="test_auth_required" time="1.172" /><testcase classname="backend.tests.test_daily_checkin.TestCheckinTodayInitial" name="test_initial_response_shape" time="0.152" /><testcase classname="backend.tests.test_daily_checkin.TestCheckinTodayInitial" name="test_deterministic_same_user_same_day" time="0.317" /><testcase classname="backend.tests.test_daily_checkin.TestCheckinRespondValidation" name="test_short_response_400" time="0.129" /><testcase classname="backend.tests.test_daily_checkin.TestCheckinRespondValidation" name="test_empty_response_400" time="0.120" /><testcase classname="backend.tests.test_daily_checkin.TestCheckinRespondFlow" name="test_respond_success_and_xp_increase" time="2.601" /><testcase classname="backend.tests.test_daily_checkin.TestCheckinRespondFlow" name="test_today_after_respond_shows_completed" time="0.108" /><testcase classname="backend.tests.test_daily_checkin.TestCheckinRespondFlow" name="test_second_respond_returns_already_completed" time="0.118" /><testcase classname="backend.tests.test_daily_checkin.TestCheckinGoalPool" name="test_job_interview_pool" time="0.719" /><testcase classname="backend.tests.test_daily_checkin.TestCheckinGoalPool" name="test_ielts_pool" time="0.667" /><testcase classname="backend.tests.test_daily_checkin.TestRegression" name="test_billing_status" time="0.128" /><testcase classname="backend.tests.test_daily_checkin.TestRegression" name="test_share_streak" time="0.157" /><testcase classname="backend.tests.test_daily_checkin.TestRegression" name="test_lessons_b1" time="0.524" /></testsuite></testsuites>