<?xml version="1.0" encoding="utf-8"?><testsuites name="pytest tests"><testsuite name="pytest" errors="0" failures="0" skipped="0" tests="12" time="10.174" timestamp="2026-04-27T16:41:43.174273+00:00" hostname="agent-env-160e59d5-6783-40c5-aa40-558c3147889f"><testcase classname="backend.tests.test_goal_onboarding" name="test_list_goals" time="0.809" /><testcase classname="backend.tests.test_goal_onboarding" name="test_set_goal_invalid" time="0.173" /><testcase classname="backend.tests.test_goal_onboarding" name="test_set_goal_job_interview" time="0.142" /><testcase classname="backend.tests.test_goal_onboarding" name="test_auth_me_reflects_goal" time="0.250" /><testcase classname="backend.tests.test_goal_onboarding" name="test_lessons_recommended_job_interview" time="0.319" /><testcase classname="backend.tests.test_goal_onboarding" name="test_lessons_recommended_travel" time="0.255" /><testcase classname="backend.tests.test_goal_onboarding" name="test_conversation_ielts_general" time="4.519" /><testcase classname="backend.tests.test_goal_onboarding" name="test_conversation_casual_restaurant" time="2.252" /><testcase classname="backend.tests.test_goal_onboarding.TestRegression" name="test_billing_status" time="0.120" /><testcase classname="backend.tests.test_goal_onboarding.TestRegression" name="test_share_streak" time="0.116" /><testcase classname="backend.tests.test_goal_onboarding.TestRegression" name="test_lesson_b1" time="0.124" /><testcase classname="backend.tests.test_goal_onboarding" name="test_lessons_no_goal_no_recommendations" time="0.981" /></testsuite></testsuites>