<?xml version="1.0" encoding="utf-8"?><testsuites name="pytest tests"><testsuite name="pytest" errors="0" failures="0" skipped="0" tests="24" time="6.368" timestamp="2026-04-28T06:20:42.192723+00:00" hostname="agent-env-160e59d5-6783-40c5-aa40-558c3147889f"><testcase classname="backend.tests.test_retention.TestIndexes" name="test_conversations_compound_index_exists" time="0.009" /><testcase classname="backend.tests.test_retention.TestIndexes" name="test_streak_saves_unique_compound_index" time="0.003" /><testcase classname="backend.tests.test_retention.TestIndexes" name="test_streak_milestones_unique_compound_index" time="0.003" /><testcase classname="backend.tests.test_retention.TestStreakSaver" name="test_saver_state_eligible_when_streak_and_no_tasks" time="0.266" /><testcase classname="backend.tests.test_retention.TestStreakSaver" name="test_saver_state_not_eligible_when_streak_below_2" time="0.122" /><testcase classname="backend.tests.test_retention.TestStreakSaver" name="test_saver_claim_first_then_idempotent" time="0.248" /><testcase classname="backend.tests.test_retention.TestStreakSaver" name="test_saver_state_after_claim_shows_claimed_today" time="0.213" /><testcase classname="backend.tests.test_retention.TestStreakSaver" name="test_saver_not_eligible_when_tasks_started" time="2.447" /><testcase classname="backend.tests.test_retention.TestStreakSaver" name="test_lessons" time="0.114" /><testcase classname="backend.tests.test_retention.TestStreakMilestone" name="test_milestone_pending_null_when_streak_below_first_tier" time="0.110" /><testcase classname="backend.tests.test_retention.TestStreakMilestone" name="test_milestone_pending_for_reached_tier_7" time="0.115" /><testcase classname="backend.tests.test_retention.TestStreakMilestone" name="test_milestone_claim_awards_xp_and_idempotent" time="0.579" /><testcase classname="backend.tests.test_retention.TestStreakMilestone" name="test_milestone_get_skips_claimed_tier" time="0.109" /><testcase classname="backend.tests.test_retention.TestStreakMilestone" name="test_milestone_claim_rejects_unreached_tier" time="0.118" /><testcase classname="backend.tests.test_retention.TestStreakMilestone" name="test_milestone_claim_rejects_unknown_tier" time="0.116" /><testcase classname="backend.tests.test_retention.TestStreakMilestone" name="test_milestone_rewards_match_spec" time="0.718" /><testcase classname="backend.tests.test_retention.TestRegression" name="test_auth_me" time="0.105" /><testcase classname="backend.tests.test_retention.TestRegression" name="test_progress" time="0.104" /><testcase classname="backend.tests.test_retention.TestRegression" name="test_checkin_today" time="0.104" /><testcase classname="backend.tests.test_retention.TestRegression" name="test_challenge_today" time="0.109" /><testcase classname="backend.tests.test_retention.TestRegression" name="test_onboarding_quest" time="0.114" /><testcase classname="backend.tests.test_retention.TestRegression" name="test_referral_me" time="0.113" /><testcase classname="backend.tests.test_retention.TestRegression" name="test_daily_path" time="0.134" /><testcase classname="backend.tests.test_retention.TestRegression" name="test_manifest_served" time="0.112" /></testsuite></testsuites>