<?xml version="1.0" encoding="utf-8"?><testsuites name="pytest tests"><testsuite name="pytest" errors="0" failures="0" skipped="0" tests="14" time="21.710" timestamp="2026-04-27T17:41:29.758450+00:00" hostname="agent-env-160e59d5-6783-40c5-aa40-558c3147889f"><testcase classname="backend.tests.test_challenges_levels_conversation.TestChallengeToday" name="test_requires_auth" time="0.317" /><testcase classname="backend.tests.test_challenges_levels_conversation.TestChallengeToday" name="test_shape_and_initial_state" time="0.140" /><testcase classname="backend.tests.test_challenges_levels_conversation.TestChallengeToday" name="test_deterministic_per_user_day" time="0.276" /><testcase classname="backend.tests.test_challenges_levels_conversation.TestChallengeClaimBeforeComplete" name="test_claim_before_complete_400" time="0.133" /><testcase classname="backend.tests.test_challenges_levels_conversation.TestWritingSubmittedMetricBug" name="test_writing_feedback_does_not_increment_writing_submitted" time="3.847" /><testcase classname="backend.tests.test_challenges_levels_conversation.TestChallengeCompleteAndClaim" name="test_full_claim_flow" time="11.505" /><testcase classname="backend.tests.test_challenges_levels_conversation.TestLevelInfo" name="test_progress_includes_level_info" time="0.135" /><testcase classname="backend.tests.test_challenges_levels_conversation.TestLevelInfo" name="test_level_sane_for_current_xp" time="0.271" /><testcase classname="backend.tests.test_challenges_levels_conversation.TestStructuredConversation" name="test_clean_text_returns_reply_shape" time="1.705" /><testcase classname="backend.tests.test_challenges_levels_conversation.TestStructuredConversation" name="test_grammar_wrong_text_produces_corrections" time="2.577" /><testcase classname="backend.tests.test_challenges_levels_conversation.TestRegression" name="test_checkin_today" time="0.179" /><testcase classname="backend.tests.test_challenges_levels_conversation.TestRegression" name="test_billing_status" time="0.188" /><testcase classname="backend.tests.test_challenges_levels_conversation.TestRegression" name="test_lessons_list" time="0.143" /><testcase classname="backend.tests.test_challenges_levels_conversation.TestRegression" name="test_share_streak" time="0.122" /></testsuite></testsuites>